<?xml version="1.0" encoding="UTF-8"?>
<testng-results ignored="0" total="1" passed="1" failed="0" skipped="0">
  <reporter-output>
  </reporter-output>
  <suite started-at="2024-08-02T12:15:30 IST" name="Default suite" finished-at="2024-08-02T12:16:15 IST" duration-ms="45458">
    <groups>
    </groups>
    <test started-at="2024-08-02T12:15:30 IST" name="Default test" finished-at="2024-08-02T12:16:15 IST" duration-ms="45458">
      <class name="test.LoginTest">
        <test-method is-config="true" signature="setUp()[pri:0, instance:test.LoginTest@10e31a9a]" started-at="2024-08-02T12:15:30 IST" name="setUp" finished-at="2024-08-02T12:16:10 IST" duration-ms="40744" status="PASS">
          <reporter-output>
          </reporter-output>
        </test-method> <!-- setUp -->
        <test-method signature="loginTest()[pri:0, instance:test.LoginTest@10e31a9a]" started-at="2024-08-02T12:16:10 IST" name="loginTest" finished-at="2024-08-02T12:16:15 IST" duration-ms="4356" status="PASS">
          <reporter-output>
          </reporter-output>
        </test-method> <!-- loginTest -->
        <test-method is-config="true" signature="tearDown()[pri:0, instance:test.LoginTest@10e31a9a]" started-at="2024-08-02T12:16:15 IST" name="tearDown" finished-at="2024-08-02T12:16:15 IST" duration-ms="329" status="PASS">
          <reporter-output>
          </reporter-output>
        </test-method> <!-- tearDown -->
      </class> <!-- test.LoginTest -->
    </test> <!-- Default test -->
  </suite> <!-- Default suite -->
</testng-results>
